01/26/2022 09:16:55 AM : {'date': '01/26/2022', 'time': '09:16:55', 'ticker': 'ETH', 'mark': '2630.254693', 'bid': '2624.590000', 'ask': '2635.919387'}
01/26/2022 09:17:00 AM : {'date': '01/26/2022', 'time': '09:17:00', 'ticker': 'ETH', 'mark': '2631.455000', 'bid': '2625.760000', 'ask': '2637.150000'}
01/26/2022 09:17:06 AM : {'date': '01/26/2022', 'time': '09:17:05', 'ticker': 'ETH', 'mark': '2633.240711', 'bid': '2627.680000', 'ask': '2638.801422'}
01/26/2022 09:17:10 AM : {'date': '01/26/2022', 'time': '09:17:10', 'ticker': 'ETH', 'mark': '2633.503264', 'bid': '2627.850000', 'ask': '2639.156529'}
01/26/2022 09:17:15 AM : {'date': '01/26/2022', 'time': '09:17:15', 'ticker': 'ETH', 'mark': '2631.685000', 'bid': '2625.880000', 'ask': '2637.490000'}
01/26/2022 09:17:18 AM : complete backlog
01/26/2022 09:17:19 AM : ATL,2630.254693,ATH,2660.315,Current Price ,2631.77027,Current Delta ,0.08527000000003682,RSI(20) ,13.785521982321384,MACD15s(12,26,9),0,
01/26/2022 09:17:20 AM : {'date': '01/26/2022', 'time': '09:17:20', 'ticker': 'ETH', 'mark': '2631.959510', 'bid': '2626.019021', 'ask': '2637.900000'}
01/26/2022 09:17:25 AM : {'date': '01/26/2022', 'time': '09:17:25', 'ticker': 'ETH', 'mark': '2632.419678', 'bid': '2626.369357', 'ask': '2638.470000'}
01/26/2022 09:17:30 AM : {'date': '01/26/2022', 'time': '09:17:30', 'ticker': 'ETH', 'mark': '2633.260239', 'bid': '2627.170000', 'ask': '2639.350479'}
01/26/2022 09:17:34 AM : ATL,2630.254693,ATH,2660.315,Current Price ,2633.984759,Current Delta ,2.2144889999999577,RSI(20) ,13.76213998949757,MACD15s(12,26,9),-5.266017990770524,
01/26/2022 09:17:35 AM : {'date': '01/26/2022', 'time': '09:17:35', 'ticker': 'ETH', 'mark': '2633.472531', 'bid': '2627.510000', 'ask': '2639.435063'}
01/26/2022 09:17:40 AM : {'date': '01/26/2022', 'time': '09:17:40', 'ticker': 'ETH', 'mark': '2633.329967', 'bid': '2627.480000', 'ask': '2639.179934'}
01/26/2022 09:17:45 AM : {'date': '01/26/2022', 'time': '09:17:45', 'ticker': 'ETH', 'mark': '2634.895000', 'bid': '2628.910000', 'ask': '2640.880000'}
01/26/2022 09:17:49 AM : ATL,2630.254693,ATH,2660.315,Current Price ,2634.84,Current Delta ,0.8552410000002055,RSI(20) ,13.454051798165011,MACD15s(12,26,9),-5.418010623401005,
01/26/2022 09:17:50 AM : {'date': '01/26/2022', 'time': '09:17:50', 'ticker': 'ETH', 'mark': '2634.158909', 'bid': '2628.225904', 'ask': '2640.091915'}
01/26/2022 09:17:55 AM : {'date': '01/26/2022', 'time': '09:17:55', 'ticker': 'ETH', 'mark': '2635.761165', 'bid': '2629.830000', 'ask': '2641.692330'}
01/26/2022 09:18:00 AM : {'date': '01/26/2022', 'time': '09:18:00', 'ticker': 'ETH', 'mark': '2634.893868', 'bid': '2629.020000', 'ask': '2640.767737'}
01/26/2022 09:18:05 AM : ATL,2630.254693,ATH,2660.315,Current Price ,2634.825,Current Delta ,-0.015000000000327418,RSI(20) ,13.902355516573621,MACD15s(12,26,9),-5.395206557477013,RSI(14),0,1Min Avg,2633.85500725,1Min Delta,-24.55104849999998,
01/26/2022 09:18:05 AM : name 'droll5rsi' is not defined
01/26/2022 09:18:05 AM : end
01/26/2022 09:18:05 AM : {'date': '01/26/2022', 'time': '09:18:05', 'ticker': 'ETH', 'mark': '2634.825000', 'bid': '2629.000000', 'ask': '2640.650000'}
01/26/2022 09:18:11 AM : {'date': '01/26/2022', 'time': '09:18:10', 'ticker': 'ETH', 'mark': '2634.666505', 'bid': '2628.690000', 'ask': '2640.643011'}
01/26/2022 09:18:15 AM : {'date': '01/26/2022', 'time': '09:18:15', 'ticker': 'ETH', 'mark': '2633.506545', 'bid': '2627.793091', 'ask': '2639.220000'}
01/26/2022 09:18:20 AM : {'date': '01/26/2022', 'time': '09:18:20', 'ticker': 'ETH', 'mark': '2634.357217', 'bid': '2628.411100', 'ask': '2640.303335'}
01/26/2022 09:18:25 AM : {'date': '01/26/2022', 'time': '09:18:25', 'ticker': 'ETH', 'mark': '2632.313088', 'bid': '2626.856177', 'ask': '2637.770000'}
01/26/2022 09:18:30 AM : {'date': '01/26/2022', 'time': '09:18:30', 'ticker': 'ETH', 'mark': '2633.985000', 'bid': '2628.290000', 'ask': '2639.680000'}
01/26/2022 09:18:35 AM : {'date': '01/26/2022', 'time': '09:18:35', 'ticker': 'ETH', 'mark': '2633.925000', 'bid': '2628.200000', 'ask': '2639.650000'}
01/26/2022 09:18:40 AM : {'date': '01/26/2022', 'time': '09:18:40', 'ticker': 'ETH', 'mark': '2634.145000', 'bid': '2628.310000', 'ask': '2639.980000'}
01/26/2022 09:18:45 AM : {'date': '01/26/2022', 'time': '09:18:45', 'ticker': 'ETH', 'mark': '2635.309071', 'bid': '2629.370000', 'ask': '2641.248143'}
01/26/2022 09:18:50 AM : {'date': '01/26/2022', 'time': '09:18:50', 'ticker': 'ETH', 'mark': '2635.989961', 'bid': '2630.020000', 'ask': '2641.959923'}
01/26/2022 09:18:55 AM : {'date': '01/26/2022', 'time': '09:18:55', 'ticker': 'ETH', 'mark': '2636.691592', 'bid': '2630.700000', 'ask': '2642.683184'}
01/26/2022 09:19:00 AM : {'date': '01/26/2022', 'time': '09:19:00', 'ticker': 'ETH', 'mark': '2638.570000', 'bid': '2632.770000', 'ask': '2644.370000'}
01/26/2022 09:19:05 AM : {'date': '01/26/2022', 'time': '09:19:05', 'ticker': 'ETH', 'mark': '2640.435000', 'bid': '2634.600000', 'ask': '2646.270000'}
01/26/2022 09:19:10 AM : {'date': '01/26/2022', 'time': '09:19:10', 'ticker': 'ETH', 'mark': '2641.299282', 'bid': '2635.900000', 'ask': '2646.698565'}
01/26/2022 09:19:15 AM : {'date': '01/26/2022', 'time': '09:19:15', 'ticker': 'ETH', 'mark': '2640.089546', 'bid': '2634.390000', 'ask': '2645.789093'}
01/26/2022 09:19:21 AM : {'date': '01/26/2022', 'time': '09:19:20', 'ticker': 'ETH', 'mark': '2639.830000', 'bid': '2634.120000', 'ask': '2645.540000'}
01/26/2022 09:19:25 AM : {'date': '01/26/2022', 'time': '09:19:25', 'ticker': 'ETH', 'mark': '2640.465000', 'bid': '2634.750000', 'ask': '2646.180000'}
01/26/2022 09:19:30 AM : {'date': '01/26/2022', 'time': '09:19:30', 'ticker': 'ETH', 'mark': '2640.305000', 'bid': '2634.430000', 'ask': '2646.180000'}
01/26/2022 09:19:35 AM : {'date': '01/26/2022', 'time': '09:19:35', 'ticker': 'ETH', 'mark': '2640.120000', 'bid': '2634.170000', 'ask': '2646.070000'}
01/26/2022 09:19:40 AM : {'date': '01/26/2022', 'time': '09:19:40', 'ticker': 'ETH', 'mark': '2639.540000', 'bid': '2633.520000', 'ask': '2645.560000'}
01/26/2022 09:19:45 AM : {'date': '01/26/2022', 'time': '09:19:45', 'ticker': 'ETH', 'mark': '2640.852944', 'bid': '2634.800000', 'ask': '2646.905889'}
01/26/2022 09:19:50 AM : {'date': '01/26/2022', 'time': '09:19:50', 'ticker': 'ETH', 'mark': '2640.916219', 'bid': '2634.930000', 'ask': '2646.902439'}
01/26/2022 09:19:55 AM : {'date': '01/26/2022', 'time': '09:19:55', 'ticker': 'ETH', 'mark': '2640.326191', 'bid': '2634.502383', 'ask': '2646.150000'}
01/26/2022 09:19:59 AM : complete backlog
01/26/2022 09:19:59 AM : ATL,2630.254693,ATH,2660.315,Current Price ,2641.025,Current Delta ,0.6988089999999829,RSI(20) ,69.25593455816401,MACD15s(12,26,9),2.15276933075518,
01/26/2022 09:20:00 AM : {'date': '01/26/2022', 'time': '09:20:00', 'ticker': 'ETH', 'mark': '2640.985000', 'bid': '2634.960000', 'ask': '2647.010000'}
01/26/2022 09:20:05 AM : {'date': '01/26/2022', 'time': '09:20:05', 'ticker': 'ETH', 'mark': '2638.855890', 'bid': '2633.131780', 'ask': '2644.580000'}
01/26/2022 09:20:10 AM : {'date': '01/26/2022', 'time': '09:20:10', 'ticker': 'ETH', 'mark': '2639.706064', 'bid': '2633.812129', 'ask': '2645.600000'}
01/26/2022 09:20:15 AM : ATL,2630.254693,ATH,2660.315,Current Price ,2641.324863,Current Delta ,0.299862999999732,RSI(20) ,66.55245504178868,MACD15s(12,26,9),3.0845346218260197,
01/26/2022 09:20:15 AM : {'date': '01/26/2022', 'time': '09:20:15', 'ticker': 'ETH', 'mark': '2641.277580', 'bid': '2635.165106', 'ask': '2647.390054'}
01/26/2022 09:20:20 AM : {'date': '01/26/2022', 'time': '09:20:20', 'ticker': 'ETH', 'mark': '2641.806324', 'bid': '2636.130000', 'ask': '2647.482649'}
01/26/2022 09:20:25 AM : {'date': '01/26/2022', 'time': '09:20:25', 'ticker': 'ETH', 'mark': '2642.402316', 'bid': '2636.180000', 'ask': '2648.624632'}
01/26/2022 09:20:30 AM : {'date': '01/26/2022', 'time': '09:20:30', 'ticker': 'ETH', 'mark': '2641.209791', 'bid': '2635.208055', 'ask': '2647.211527'}
01/26/2022 09:20:30 AM : ATL,2630.254693,ATH,2660.315,Current Price ,2641.190763,Current Delta ,-0.13409999999976208,RSI(20) ,66.01500728393421,MACD15s(12,26,9),3.9403857482407654,
01/26/2022 09:20:35 AM : {'date': '01/26/2022', 'time': '09:20:35', 'ticker': 'ETH', 'mark': '2641.060000', 'bid': '2635.120000', 'ask': '2647.000000'}
01/26/2022 09:20:40 AM : {'date': '01/26/2022', 'time': '09:20:40', 'ticker': 'ETH', 'mark': '2640.770000', 'bid': '2634.890000', 'ask': '2646.650000'}
01/26/2022 09:20:45 AM : {'date': '01/26/2022', 'time': '09:20:45', 'ticker': 'ETH', 'mark': '2641.683678', 'bid': '2635.740000', 'ask': '2647.627356'}
01/26/2022 09:20:45 AM : ATL,2630.254693,ATH,2660.315,Current Price ,2641.683678,Current Delta ,0.4929149999998117,RSI(20) ,66.59458940635628,MACD15s(12,26,9),4.697817170026054,RSI(14),0,1Min Avg,2641.306076,1Min Delta,0.9487852499996734,5Min Roll,2637.1874557,RSI5mRoll(14),0,macd(5mRoll,12,26,9),0,5MinRoll Delta,-3.419995950000157,
01/26/2022 09:20:45 AM : name 'droll5rsi' is not defined
01/26/2022 09:20:45 AM : end
01/26/2022 09:20:50 AM : {'date': '01/26/2022', 'time': '09:20:50', 'ticker': 'ETH', 'mark': '2642.269863', 'bid': '2636.330000', 'ask': '2648.209727'}
01/26/2022 09:20:55 AM : {'date': '01/26/2022', 'time': '09:20:55', 'ticker': 'ETH', 'mark': '2641.960491', 'bid': '2635.920000', 'ask': '2648.000983'}
01/26/2022 09:21:00 AM : {'date': '01/26/2022', 'time': '09:21:00', 'ticker': 'ETH', 'mark': '2640.400426', 'bid': '2634.580000', 'ask': '2646.220853'}
01/26/2022 09:21:05 AM : {'date': '01/26/2022', 'time': '09:21:05', 'ticker': 'ETH', 'mark': '2639.500519', 'bid': '2633.411038', 'ask': '2645.590000'}
01/26/2022 09:21:10 AM : {'date': '01/26/2022', 'time': '09:21:10', 'ticker': 'ETH', 'mark': '2638.028366', 'bid': '2631.947367', 'ask': '2644.109365'}
01/26/2022 09:21:15 AM : {'date': '01/26/2022', 'time': '09:21:15', 'ticker': 'ETH', 'mark': '2638.290376', 'bid': '2632.260753', 'ask': '2644.320000'}
01/26/2022 09:21:20 AM : {'date': '01/26/2022', 'time': '09:21:20', 'ticker': 'ETH', 'mark': '2638.814009', 'bid': '2632.842658', 'ask': '2644.785361'}
01/26/2022 09:21:25 AM : {'date': '01/26/2022', 'time': '09:21:25', 'ticker': 'ETH', 'mark': '2637.478314', 'bid': '2631.500000', 'ask': '2643.456628'}
01/26/2022 09:21:30 AM : {'date': '01/26/2022', 'time': '09:21:30', 'ticker': 'ETH', 'mark': '2636.565000', 'bid': '2630.840000', 'ask': '2642.290000'}
01/26/2022 09:21:35 AM : {'date': '01/26/2022', 'time': '09:21:35', 'ticker': 'ETH', 'mark': '2635.946253', 'bid': '2630.132506', 'ask': '2641.760000'}
01/26/2022 09:21:41 AM : {'date': '01/26/2022', 'time': '09:21:40', 'ticker': 'ETH', 'mark': '2636.457213', 'bid': '2630.690000', 'ask': '2642.224427'}
01/26/2022 09:21:45 AM : {'date': '01/26/2022', 'time': '09:21:45', 'ticker': 'ETH', 'mark': '2637.403502', 'bid': '2631.707005', 'ask': '2643.100000'}
01/26/2022 09:21:50 AM : {'date': '01/26/2022', 'time': '09:21:50', 'ticker': 'ETH', 'mark': '2638.601248', 'bid': '2632.500000', 'ask': '2644.702497'}
01/26/2022 09:21:55 AM : {'date': '01/26/2022', 'time': '09:21:55', 'ticker': 'ETH', 'mark': '2638.775000', 'bid': '2632.900000', 'ask': '2644.650000'}
01/26/2022 09:22:00 AM : {'date': '01/26/2022', 'time': '09:22:00', 'ticker': 'ETH', 'mark': '2638.795000', 'bid': '2632.960000', 'ask': '2644.630000'}
01/26/2022 09:22:05 AM : {'date': '01/26/2022', 'time': '09:22:05', 'ticker': 'ETH', 'mark': '2637.266421', 'bid': '2631.138546', 'ask': '2643.394296'}
01/26/2022 09:22:10 AM : {'date': '01/26/2022', 'time': '09:22:10', 'ticker': 'ETH', 'mark': '2636.260000', 'bid': '2630.490000', 'ask': '2642.030000'}
01/26/2022 09:22:15 AM : {'date': '01/26/2022', 'time': '09:22:15', 'ticker': 'ETH', 'mark': '2636.486015', 'bid': '2630.470000', 'ask': '2642.502031'}
01/26/2022 09:22:20 AM : {'date': '01/26/2022', 'time': '09:22:20', 'ticker': 'ETH', 'mark': '2634.240000', 'bid': '2627.980000', 'ask': '2640.500000'}
01/26/2022 09:22:25 AM : {'date': '01/26/2022', 'time': '09:22:25', 'ticker': 'ETH', 'mark': '2631.468349', 'bid': '2625.470000', 'ask': '2637.466699'}
01/26/2022 09:22:30 AM : {'date': '01/26/2022', 'time': '09:22:30', 'ticker': 'ETH', 'mark': '2631.565744', 'bid': '2625.701488', 'ask': '2637.430000'}
01/26/2022 09:22:35 AM : {'date': '01/26/2022', 'time': '09:22:35', 'ticker': 'ETH', 'mark': '2634.411190', 'bid': '2628.580000', 'ask': '2640.242381'}
01/26/2022 09:22:40 AM : {'date': '01/26/2022', 'time': '09:22:40', 'ticker': 'ETH', 'mark': '2632.595000', 'bid': '2626.900000', 'ask': '2638.290000'}
01/26/2022 09:22:46 AM : {'date': '01/26/2022', 'time': '09:22:45', 'ticker': 'ETH', 'mark': '2632.595264', 'bid': '2626.680000', 'ask': '2638.510529'}
01/26/2022 09:22:50 AM : {'date': '01/26/2022', 'time': '09:22:50', 'ticker': 'ETH', 'mark': '2632.365000', 'bid': '2626.550000', 'ask': '2638.180000'}
01/26/2022 09:22:55 AM : {'date': '01/26/2022', 'time': '09:22:55', 'ticker': 'ETH', 'mark': '2632.290380', 'bid': '2626.270761', 'ask': '2638.310000'}
01/26/2022 09:23:00 AM : {'date': '01/26/2022', 'time': '09:23:00', 'ticker': 'ETH', 'mark': '2633.520000', 'bid': '2627.800000', 'ask': '2639.240000'}
01/26/2022 09:23:05 AM : {'date': '01/26/2022', 'time': '09:23:05', 'ticker': 'ETH', 'mark': '2635.408319', 'bid': '2629.500000', 'ask': '2641.316638'}
01/26/2022 09:23:10 AM : {'date': '01/26/2022', 'time': '09:23:10', 'ticker': 'ETH', 'mark': '2634.702753', 'bid': '2628.693416', 'ask': '2640.712090'}
01/26/2022 09:23:15 AM : {'date': '01/26/2022', 'time': '09:23:15', 'ticker': 'ETH', 'mark': '2632.893363', 'bid': '2626.727181', 'ask': '2639.059546'}
01/26/2022 09:23:20 AM : {'date': '01/26/2022', 'time': '09:23:20', 'ticker': 'ETH', 'mark': '2632.530301', 'bid': '2626.570000', 'ask': '2638.490602'}
01/26/2022 09:23:25 AM : {'date': '01/26/2022', 'time': '09:23:25', 'ticker': 'ETH', 'mark': '2633.075000', 'bid': '2627.100000', 'ask': '2639.050000'}
01/26/2022 09:23:30 AM : {'date': '01/26/2022', 'time': '09:23:30', 'ticker': 'ETH', 'mark': '2632.109348', 'bid': '2626.330000', 'ask': '2637.888696'}
01/26/2022 09:23:35 AM : {'date': '01/26/2022', 'time': '09:23:35', 'ticker': 'ETH', 'mark': '2631.075000', 'bid': '2625.030000', 'ask': '2637.120000'}
01/26/2022 09:23:40 AM : {'date': '01/26/2022', 'time': '09:23:40', 'ticker': 'ETH', 'mark': '2631.050000', 'bid': '2625.130000', 'ask': '2636.970000'}
01/26/2022 09:23:45 AM : {'date': '01/26/2022', 'time': '09:23:45', 'ticker': 'ETH', 'mark': '2630.933765', 'bid': '2625.110000', 'ask': '2636.757530'}
01/26/2022 09:23:50 AM : {'date': '01/26/2022', 'time': '09:23:50', 'ticker': 'ETH', 'mark': '2631.645000', 'bid': '2625.690000', 'ask': '2637.600000'}
01/26/2022 09:23:56 AM : {'date': '01/26/2022', 'time': '09:23:55', 'ticker': 'ETH', 'mark': '2630.384082', 'bid': '2624.588164', 'ask': '2636.180000'}
01/26/2022 09:24:00 AM : {'date': '01/26/2022', 'time': '09:24:00', 'ticker': 'ETH', 'mark': '2630.757538', 'bid': '2624.700000', 'ask': '2636.815077'}
01/26/2022 09:24:05 AM : {'date': '01/26/2022', 'time': '09:24:05', 'ticker': 'ETH', 'mark': '2630.620000', 'bid': '2624.650000', 'ask': '2636.590000'}
01/26/2022 09:24:10 AM : {'date': '01/26/2022', 'time': '09:24:10', 'ticker': 'ETH', 'mark': '2630.201754', 'bid': '2624.063509', 'ask': '2636.340000'}
01/26/2022 09:24:15 AM : {'date': '01/26/2022', 'time': '09:24:15', 'ticker': 'ETH', 'mark': '2629.987107', 'bid': '2623.946985', 'ask': '2636.027230'}
01/26/2022 09:24:20 AM : {'date': '01/26/2022', 'time': '09:24:20', 'ticker': 'ETH', 'mark': '2626.893907', 'bid': '2620.847815', 'ask': '2632.940000'}
01/26/2022 09:24:25 AM : {'date': '01/26/2022', 'time': '09:24:25', 'ticker': 'ETH', 'mark': '2628.174662', 'bid': '2622.222083', 'ask': '2634.127242'}
01/26/2022 09:24:30 AM : {'date': '01/26/2022', 'time': '09:24:30', 'ticker': 'ETH', 'mark': '2628.345000', 'bid': '2622.570000', 'ask': '2634.120000'}
01/26/2022 09:24:35 AM : {'date': '01/26/2022', 'time': '09:24:35', 'ticker': 'ETH', 'mark': '2630.210000', 'bid': '2624.320000', 'ask': '2636.100000'}
01/26/2022 09:24:40 AM : {'date': '01/26/2022', 'time': '09:24:40', 'ticker': 'ETH', 'mark': '2629.807918', 'bid': '2624.040000', 'ask': '2635.575836'}
01/26/2022 09:24:45 AM : {'date': '01/26/2022', 'time': '09:24:45', 'ticker': 'ETH', 'mark': '2629.734695', 'bid': '2623.859390', 'ask': '2635.610000'}
01/26/2022 09:24:50 AM : {'date': '01/26/2022', 'time': '09:24:50', 'ticker': 'ETH', 'mark': '2628.080549', 'bid': '2621.961099', 'ask': '2634.200000'}
01/26/2022 09:24:55 AM : {'date': '01/26/2022', 'time': '09:24:55', 'ticker': 'ETH', 'mark': '2626.924432', 'bid': '2620.811095', 'ask': '2633.037769'}
01/26/2022 09:25:00 AM : {'date': '01/26/2022', 'time': '09:25:00', 'ticker': 'ETH', 'mark': '2625.857272', 'bid': '2619.984544', 'ask': '2631.730000'}
01/26/2022 09:25:06 AM : {'date': '01/26/2022', 'time': '09:25:05', 'ticker': 'ETH', 'mark': '2625.427548', 'bid': '2619.450000', 'ask': '2631.405096'}
01/26/2022 09:25:10 AM : {'date': '01/26/2022', 'time': '09:25:10', 'ticker': 'ETH', 'mark': '2624.967482', 'bid': '2618.851583', 'ask': '2631.083381'}
01/26/2022 09:25:15 AM : {'date': '01/26/2022', 'time': '09:25:15', 'ticker': 'ETH', 'mark': '2623.330262', 'bid': '2617.166481', 'ask': '2629.494043'}
01/26/2022 09:25:20 AM : {'date': '01/26/2022', 'time': '09:25:20', 'ticker': 'ETH', 'mark': '2623.046433', 'bid': '2617.092866', 'ask': '2629.000000'}
01/26/2022 09:25:25 AM : {'date': '01/26/2022', 'time': '09:25:25', 'ticker': 'ETH', 'mark': '2624.165000', 'bid': '2618.490000', 'ask': '2629.840000'}
01/26/2022 09:25:30 AM : {'date': '01/26/2022', 'time': '09:25:30', 'ticker': 'ETH', 'mark': '2622.235000', 'bid': '2616.380000', 'ask': '2628.090000'}
01/26/2022 09:25:35 AM : {'date': '01/26/2022', 'time': '09:25:35', 'ticker': 'ETH', 'mark': '2621.022861', 'bid': '2615.160000', 'ask': '2626.885723'}
01/26/2022 09:25:40 AM : {'date': '01/26/2022', 'time': '09:25:40', 'ticker': 'ETH', 'mark': '2619.708989', 'bid': '2613.710000', 'ask': '2625.707979'}
01/26/2022 09:25:45 AM : {'date': '01/26/2022', 'time': '09:25:45', 'ticker': 'ETH', 'mark': '2619.321391', 'bid': '2613.520000', 'ask': '2625.122783'}
01/26/2022 09:25:50 AM : {'date': '01/26/2022', 'time': '09:25:50', 'ticker': 'ETH', 'mark': '2617.774230', 'bid': '2611.700000', 'ask': '2623.848460'}
01/26/2022 09:25:55 AM : {'date': '01/26/2022', 'time': '09:25:55', 'ticker': 'ETH', 'mark': '2617.694625', 'bid': '2611.809250', 'ask': '2623.580000'}
01/26/2022 09:26:00 AM : {'date': '01/26/2022', 'time': '09:26:00', 'ticker': 'ETH', 'mark': '2618.025000', 'bid': '2612.250000', 'ask': '2623.800000'}
01/26/2022 09:26:05 AM : {'date': '01/26/2022', 'time': '09:26:05', 'ticker': 'ETH', 'mark': '2617.785000', 'bid': '2612.370000', 'ask': '2623.200000'}
01/26/2022 09:26:10 AM : {'date': '01/26/2022', 'time': '09:26:10', 'ticker': 'ETH', 'mark': '2614.648770', 'bid': '2608.987540', 'ask': '2620.310000'}
01/26/2022 09:26:16 AM : {'date': '01/26/2022', 'time': '09:26:15', 'ticker': 'ETH', 'mark': '2615.928940', 'bid': '2610.257881', 'ask': '2621.600000'}
01/26/2022 09:26:20 AM : {'date': '01/26/2022', 'time': '09:26:20', 'ticker': 'ETH', 'mark': '2615.770000', 'bid': '2610.240000', 'ask': '2621.300000'}
01/26/2022 09:26:25 AM : {'date': '01/26/2022', 'time': '09:26:25', 'ticker': 'ETH', 'mark': '2617.700000', 'bid': '2611.900000', 'ask': '2623.500000'}
01/26/2022 09:26:30 AM : {'date': '01/26/2022', 'time': '09:26:30', 'ticker': 'ETH', 'mark': '2616.395000', 'bid': '2610.400000', 'ask': '2622.390000'}
01/26/2022 09:26:35 AM : {'date': '01/26/2022', 'time': '09:26:35', 'ticker': 'ETH', 'mark': '2617.475000', 'bid': '2611.810000', 'ask': '2623.140000'}
01/26/2022 09:26:40 AM : {'date': '01/26/2022', 'time': '09:26:40', 'ticker': 'ETH', 'mark': '2616.260000', 'bid': '2610.600000', 'ask': '2621.920000'}
01/26/2022 09:26:45 AM : {'date': '01/26/2022', 'time': '09:26:45', 'ticker': 'ETH', 'mark': '2616.025000', 'bid': '2610.450000', 'ask': '2621.600000'}
01/26/2022 09:26:50 AM : {'date': '01/26/2022', 'time': '09:26:50', 'ticker': 'ETH', 'mark': '2617.637385', 'bid': '2611.974770', 'ask': '2623.300000'}
01/26/2022 09:26:55 AM : {'date': '01/26/2022', 'time': '09:26:55', 'ticker': 'ETH', 'mark': '2618.190000', 'bid': '2612.880000', 'ask': '2623.500000'}
01/26/2022 09:27:00 AM : {'date': '01/26/2022', 'time': '09:27:00', 'ticker': 'ETH', 'mark': '2617.446917', 'bid': '2612.070000', 'ask': '2622.823835'}
01/26/2022 09:27:05 AM : {'date': '01/26/2022', 'time': '09:27:05', 'ticker': 'ETH', 'mark': '2616.590000', 'bid': '2610.930000', 'ask': '2622.250000'}
01/26/2022 09:27:10 AM : {'date': '01/26/2022', 'time': '09:27:10', 'ticker': 'ETH', 'mark': '2614.990000', 'bid': '2609.480000', 'ask': '2620.500000'}
01/26/2022 09:27:15 AM : {'date': '01/26/2022', 'time': '09:27:15', 'ticker': 'ETH', 'mark': '2614.085000', 'bid': '2608.430000', 'ask': '2619.740000'}
01/26/2022 09:27:20 AM : {'date': '01/26/2022', 'time': '09:27:20', 'ticker': 'ETH', 'mark': '2613.110000', 'bid': '2607.460000', 'ask': '2618.760000'}
01/26/2022 09:27:26 AM : {'date': '01/26/2022', 'time': '09:27:25', 'ticker': 'ETH', 'mark': '2614.048928', 'bid': '2608.337856', 'ask': '2619.760000'}
01/26/2022 09:27:30 AM : {'date': '01/26/2022', 'time': '09:27:30', 'ticker': 'ETH', 'mark': '2613.694512', 'bid': '2608.059025', 'ask': '2619.330000'}
01/26/2022 09:27:35 AM : {'date': '01/26/2022', 'time': '09:27:35', 'ticker': 'ETH', 'mark': '2611.259669', 'bid': '2605.529338', 'ask': '2616.990000'}
01/26/2022 09:27:40 AM : {'date': '01/26/2022', 'time': '09:27:40', 'ticker': 'ETH', 'mark': '2610.850000', 'bid': '2605.200000', 'ask': '2616.500000'}
01/26/2022 09:27:45 AM : {'date': '01/26/2022', 'time': '09:27:45', 'ticker': 'ETH', 'mark': '2608.030031', 'bid': '2602.260063', 'ask': '2613.800000'}
01/26/2022 09:27:50 AM : {'date': '01/26/2022', 'time': '09:27:50', 'ticker': 'ETH', 'mark': '2610.089179', 'bid': '2604.278358', 'ask': '2615.900000'}
01/26/2022 09:27:55 AM : {'date': '01/26/2022', 'time': '09:27:55', 'ticker': 'ETH', 'mark': '2609.630000', 'bid': '2603.810000', 'ask': '2615.450000'}
01/26/2022 09:27:56 AM : complete backlog
01/26/2022 09:27:56 AM : ATL,2608.030031,ATH,2660.315,Current Price ,2609.63,Current Delta ,0.0,RSI(20) ,48.587610167155056,MACD15s(12,26,9),-1.3018178512174117,
01/26/2022 09:28:00 AM : {'date': '01/26/2022', 'time': '09:28:00', 'ticker': 'ETH', 'mark': '2611.170000', 'bid': '2605.640000', 'ask': '2616.700000'}
01/26/2022 09:28:05 AM : {'date': '01/26/2022', 'time': '09:28:05', 'ticker': 'ETH', 'mark': '2608.440000', 'bid': '2603.010000', 'ask': '2613.870000'}
01/26/2022 09:28:10 AM : {'date': '01/26/2022', 'time': '09:28:10', 'ticker': 'ETH', 'mark': '2609.410000', 'bid': '2603.700000', 'ask': '2615.120000'}
01/26/2022 09:28:11 AM : ATL,2608.030031,ATH,2660.315,Current Price ,2609.41,Current Delta ,-0.22000000000025466,RSI(20) ,50.55801076599253,MACD15s(12,26,9),-1.2319500253833413,
01/26/2022 09:28:15 AM : {'date': '01/26/2022', 'time': '09:28:15', 'ticker': 'ETH', 'mark': '2609.155000', 'bid': '2603.310000', 'ask': '2615.000000'}
01/26/2022 09:28:20 AM : {'date': '01/26/2022', 'time': '09:28:20', 'ticker': 'ETH', 'mark': '2609.647269', 'bid': '2604.194538', 'ask': '2615.100000'}
01/26/2022 09:28:25 AM : {'date': '01/26/2022', 'time': '09:28:25', 'ticker': 'ETH', 'mark': '2609.493577', 'bid': '2603.887155', 'ask': '2615.100000'}
01/26/2022 09:28:26 AM : ATL,2608.030031,ATH,2660.315,Current Price ,2608.70429,Current Delta ,-0.7057099999997263,RSI(20) ,50.92078100713523,MACD15s(12,26,9),-1.1282612429651029,
01/26/2022 09:28:30 AM : {'date': '01/26/2022', 'time': '09:28:30', 'ticker': 'ETH', 'mark': '2607.955000', 'bid': '2602.310000', 'ask': '2613.600000'}
01/26/2022 09:28:36 AM : {'date': '01/26/2022', 'time': '09:28:35', 'ticker': 'ETH', 'mark': '2606.245314', 'bid': '2600.880629', 'ask': '2611.610000'}
01/26/2022 09:28:40 AM : {'date': '01/26/2022', 'time': '09:28:40', 'ticker': 'ETH', 'mark': '2605.692943', 'bid': '2600.145886', 'ask': '2611.240000'}
01/26/2022 09:28:41 AM : ATL,2608.030031,ATH,2660.315,Current Price ,2605.888593,Current Delta ,-2.815697,RSI(20) ,48.2030163099283,MACD15s(12,26,9),-1.0104732283691393,RSI(14),37.43625254265286,1Min Avg,2608.40822075,1Min Delta,-6.285529249999854,5Min Roll,2618.1583417499996,RSI5mRoll(14),0,macd(5mRoll,12,26,9),0,5MinRoll Delta,-4.5043751000002885,
01/26/2022 09:28:41 AM : Trade Decision : False @ limit : 0
01/26/2022 09:28:45 AM : {'date': '01/26/2022', 'time': '09:28:45', 'ticker': 'ETH', 'mark': '2607.117121', 'bid': '2601.534243', 'ask': '2612.700000'}
01/26/2022 09:28:50 AM : {'date': '01/26/2022', 'time': '09:28:50', 'ticker': 'ETH', 'mark': '2605.503111', 'bid': '2599.906222', 'ask': '2611.100000'}
01/26/2022 09:28:55 AM : {'date': '01/26/2022', 'time': '09:28:55', 'ticker': 'ETH', 'mark': '2604.549103', 'bid': '2599.148207', 'ask': '2609.950000'}
01/26/2022 09:28:56 AM : ATL,2605.888593,ATH,2660.315,Current Price ,2604.685,Current Delta ,-1.2035930000001827,RSI(20) ,46.694955150841864,MACD15s(12,26,9),-1.2420782453218027,
01/26/2022 09:29:00 AM : {'date': '01/26/2022', 'time': '09:29:00', 'ticker': 'ETH', 'mark': '2604.121462', 'bid': '2598.602925', 'ask': '2609.640000'}
01/26/2022 09:29:05 AM : {'date': '01/26/2022', 'time': '09:29:05', 'ticker': 'ETH', 'mark': '2604.685000', 'bid': '2599.050000', 'ask': '2610.320000'}
01/26/2022 09:29:10 AM : {'date': '01/26/2022', 'time': '09:29:10', 'ticker': 'ETH', 'mark': '2606.632408', 'bid': '2600.850000', 'ask': '2612.414816'}
01/26/2022 09:29:11 AM : ATL,2604.685,ATH,2660.315,Current Price ,2607.138269,Current Delta ,2.453269000000091,RSI(20) ,50.46228385019785,MACD15s(12,26,9),-1.5313373796310465,
01/26/2022 09:29:15 AM : {'date': '01/26/2022', 'time': '09:29:15', 'ticker': 'ETH', 'mark': '2607.490079', 'bid': '2602.280000', 'ask': '2612.700159'}
01/26/2022 09:29:20 AM : {'date': '01/26/2022', 'time': '09:29:20', 'ticker': 'ETH', 'mark': '2607.270656', 'bid': '2601.650000', 'ask': '2612.891313'}
01/26/2022 09:29:25 AM : {'date': '01/26/2022', 'time': '09:29:25', 'ticker': 'ETH', 'mark': '2608.743564', 'bid': '2603.167129', 'ask': '2614.320000'}
01/26/2022 09:29:27 AM : ATL,2604.685,ATH,2660.315,Current Price ,2609.27,Current Delta ,2.131730999999945,RSI(20) ,56.26666287326439,MACD15s(12,26,9),-1.428598813349102,
01/26/2022 09:29:30 AM : {'date': '01/26/2022', 'time': '09:29:30', 'ticker': 'ETH', 'mark': '2607.895000', 'bid': '2602.400000', 'ask': '2613.390000'}
01/26/2022 09:29:35 AM : {'date': '01/26/2022', 'time': '09:29:35', 'ticker': 'ETH', 'mark': '2608.040000', 'bid': '2602.400000', 'ask': '2613.680000'}
01/26/2022 09:29:41 AM : {'date': '01/26/2022', 'time': '09:29:40', 'ticker': 'ETH', 'mark': '2610.102001', 'bid': '2604.580000', 'ask': '2615.624003'}
01/26/2022 09:29:42 AM : ATL,2604.685,ATH,2660.315,Current Price ,2610.92,Current Delta ,1.650000000000091,RSI(20) ,55.93458138994106,MACD15s(12,26,9),-1.0905120522526177,RSI(14),38.723108894537916,1Min Avg,2608.0033172500002,1Min Delta,-0.40490349999981845,5Min Roll,2613.8673471,RSI5mRoll(14),0,macd(5mRoll,12,26,9),0,5MinRoll Delta,-4.290994649999448,
01/26/2022 09:29:42 AM : Trade Decision : False @ limit : 0
01/26/2022 09:29:45 AM : {'date': '01/26/2022', 'time': '09:29:45', 'ticker': 'ETH', 'mark': '2610.810000', 'bid': '2605.160000', 'ask': '2616.460000'}
01/26/2022 09:29:50 AM : {'date': '01/26/2022', 'time': '09:29:50', 'ticker': 'ETH', 'mark': '2610.360000', 'bid': '2604.810000', 'ask': '2615.910000'}
01/26/2022 09:29:55 AM : {'date': '01/26/2022', 'time': '09:29:55', 'ticker': 'ETH', 'mark': '2610.805000', 'bid': '2605.070000', 'ask': '2616.540000'}
01/26/2022 09:29:57 AM : ATL,2604.685,ATH,2660.315,Current Price ,2611.205,Current Delta ,0.2849999999998545,RSI(20) ,52.26399067799705,MACD15s(12,26,9),-0.8370869977048843,
01/26/2022 09:30:00 AM : {'date': '01/26/2022', 'time': '09:30:00', 'ticker': 'ETH', 'mark': '2610.956133', 'bid': '2605.152267', 'ask': '2616.760000'}
01/26/2022 09:30:05 AM : {'date': '01/26/2022', 'time': '09:30:05', 'ticker': 'ETH', 'mark': '2608.027501', 'bid': '2602.355003', 'ask': '2613.700000'}
01/26/2022 09:30:10 AM : {'date': '01/26/2022', 'time': '09:30:10', 'ticker': 'ETH', 'mark': '2611.399855', 'bid': '2605.499710', 'ask': '2617.300000'}
01/26/2022 09:30:12 AM : ATL,2604.685,ATH,2660.315,Current Price ,2611.692574,Current Delta ,0.48757400000022244,RSI(20) ,50.84013036954537,MACD15s(12,26,9),-0.5258033093075734,
01/26/2022 09:30:15 AM : {'date': '01/26/2022', 'time': '09:30:15', 'ticker': 'ETH', 'mark': '2614.030719', 'bid': '2608.361438', 'ask': '2619.700000'}
01/26/2022 09:30:20 AM : {'date': '01/26/2022', 'time': '09:30:20', 'ticker': 'ETH', 'mark': '2614.225709', 'bid': '2608.551418', 'ask': '2619.900000'}
01/26/2022 09:30:25 AM : {'date': '01/26/2022', 'time': '09:30:25', 'ticker': 'ETH', 'mark': '2615.430000', 'bid': '2610.260000', 'ask': '2620.600000'}
01/26/2022 09:30:27 AM : ATL,2604.685,ATH,2660.315,Current Price ,2613.906301,Current Delta ,2.2137269999998352,RSI(20) ,52.26949417241129,MACD15s(12,26,9),-0.22399143470638583,
01/26/2022 09:30:30 AM : {'date': '01/26/2022', 'time': '09:30:30', 'ticker': 'ETH', 'mark': '2614.063384', 'bid': '2608.716769', 'ask': '2619.410000'}
01/26/2022 09:30:35 AM : {'date': '01/26/2022', 'time': '09:30:35', 'ticker': 'ETH', 'mark': '2616.040000', 'bid': '2610.580000', 'ask': '2621.500000'}
01/26/2022 09:30:40 AM : {'date': '01/26/2022', 'time': '09:30:40', 'ticker': 'ETH', 'mark': '2613.345000', 'bid': '2607.790000', 'ask': '2618.900000'}
01/26/2022 09:30:42 AM : ATL,2604.685,ATH,2660.315,Current Price ,2613.77,Current Delta ,-0.13630100000000311,RSI(20) ,54.013509361342955,MACD15s(12,26,9),0.17991312922389047,RSI(14),48.330619801329725,1Min Avg,2612.64346875,1Min Delta,4.640151499999774,5Min Roll,2612.03944835,RSI5mRoll(14),17.08385978687751,macd(5mRoll,12,26,9),0,5MinRoll Delta,-1.8278987500002586,
01/26/2022 09:30:42 AM : Trade Decision : False @ limit : 0
01/26/2022 09:30:45 AM : {'date': '01/26/2022', 'time': '09:30:45', 'ticker': 'ETH', 'mark': '2613.570000', 'bid': '2607.920000', 'ask': '2619.220000'}
01/26/2022 09:30:51 AM : {'date': '01/26/2022', 'time': '09:30:50', 'ticker': 'ETH', 'mark': '2614.053546', 'bid': '2608.467092', 'ask': '2619.640000'}
01/26/2022 09:30:55 AM : {'date': '01/26/2022', 'time': '09:30:55', 'ticker': 'ETH', 'mark': '2610.869570', 'bid': '2605.489140', 'ask': '2616.250000'}
01/26/2022 09:30:57 AM : ATL,2604.685,ATH,2660.315,Current Price ,2610.217803,Current Delta ,-3.5521969999999783,RSI(20) ,50.65155914237694,MACD15s(12,26,9),0.5087281206380592,
01/26/2022 09:31:00 AM : {'date': '01/26/2022', 'time': '09:31:00', 'ticker': 'ETH', 'mark': '2610.020382', 'bid': '2604.770765', 'ask': '2615.270000'}
01/26/2022 09:31:05 AM : {'date': '01/26/2022', 'time': '09:31:05', 'ticker': 'ETH', 'mark': '2612.974853', 'bid': '2607.709707', 'ask': '2618.240000'}
01/26/2022 09:31:10 AM : {'date': '01/26/2022', 'time': '09:31:10', 'ticker': 'ETH', 'mark': '2612.325000', 'bid': '2606.670000', 'ask': '2617.980000'}
01/26/2022 09:31:12 AM : ATL,2604.685,ATH,2660.315,Current Price ,2611.287728,Current Delta ,1.0699249999997846,RSI(20) ,48.183764676027536,MACD15s(12,26,9),0.47866702376888703,
01/26/2022 09:31:15 AM : {'date': '01/26/2022', 'time': '09:31:15', 'ticker': 'ETH', 'mark': '2612.678791', 'bid': '2607.157583', 'ask': '2618.200000'}
01/26/2022 09:31:20 AM : {'date': '01/26/2022', 'time': '09:31:20', 'ticker': 'ETH', 'mark': '2611.134352', 'bid': '2605.468705', 'ask': '2616.800000'}
01/26/2022 09:31:25 AM : {'date': '01/26/2022', 'time': '09:31:25', 'ticker': 'ETH', 'mark': '2611.680000', 'bid': '2606.460000', 'ask': '2616.900000'}
01/26/2022 09:31:27 AM : ATL,2604.685,ATH,2660.315,Current Price ,2611.915,Current Delta ,0.6272720000001755,RSI(20) ,48.66171914166972,MACD15s(12,26,9),0.5038394865063109,
01/26/2022 09:31:30 AM : {'date': '01/26/2022', 'time': '09:31:30', 'ticker': 'ETH', 'mark': '2613.524197', 'bid': '2608.130000', 'ask': '2618.918395'}
01/26/2022 09:31:35 AM : {'date': '01/26/2022', 'time': '09:31:35', 'ticker': 'ETH', 'mark': '2615.595000', 'bid': '2610.090000', 'ask': '2621.100000'}
01/26/2022 09:31:40 AM : {'date': '01/26/2022', 'time': '09:31:40', 'ticker': 'ETH', 'mark': '2614.070000', 'bid': '2608.540000', 'ask': '2619.600000'}
01/26/2022 09:31:42 AM : ATL,2604.685,ATH,2660.315,Current Price ,2613.964835,Current Delta ,2.0498350000002574,RSI(20) ,47.8469905593896,MACD15s(12,26,9),0.5645703135379236,RSI(14),47.610397566190336,1Min Avg,2611.8463414999997,1Min Delta,-0.7971272500003579,5Min Roll,2611.11901965,RSI5mRoll(14),18.200638285320053,macd(5mRoll,12,26,9),0,5MinRoll Delta,-0.9204286999997748,
01/26/2022 09:31:42 AM : Trade Decision : False @ limit : 0
01/26/2022 09:31:45 AM : {'date': '01/26/2022', 'time': '09:31:45', 'ticker': 'ETH', 'mark': '2615.075000', 'bid': '2609.650000', 'ask': '2620.500000'}
01/26/2022 09:31:50 AM : {'date': '01/26/2022', 'time': '09:31:50', 'ticker': 'ETH', 'mark': '2615.350000', 'bid': '2609.690000', 'ask': '2621.010000'}
01/26/2022 09:31:56 AM : {'date': '01/26/2022', 'time': '09:31:55', 'ticker': 'ETH', 'mark': '2615.805000', 'bid': '2610.110000', 'ask': '2621.500000'}
01/26/2022 09:31:57 AM : ATL,2604.685,ATH,2660.315,Current Price ,2615.59,Current Delta ,1.6251649999999245,RSI(20) ,51.65197993983098,MACD15s(12,26,9),0.856193342092451,
01/26/2022 09:32:00 AM : {'date': '01/26/2022', 'time': '09:32:00', 'ticker': 'ETH', 'mark': '2616.958040', 'bid': '2611.456081', 'ask': '2622.460000'}
01/26/2022 09:32:05 AM : {'date': '01/26/2022', 'time': '09:32:05', 'ticker': 'ETH', 'mark': '2618.415000', 'bid': '2612.630000', 'ask': '2624.200000'}
01/26/2022 09:32:10 AM : {'date': '01/26/2022', 'time': '09:32:10', 'ticker': 'ETH', 'mark': '2621.807480', 'bid': '2616.014960', 'ask': '2627.600000'}
01/26/2022 09:32:12 AM : ATL,2604.685,ATH,2660.315,Current Price ,2623.055,Current Delta ,7.464999999999691,RSI(20) ,58.59462000099307,MACD15s(12,26,9),1.2390139365999353,
01/26/2022 09:32:15 AM : {'date': '01/26/2022', 'time': '09:32:15', 'ticker': 'ETH', 'mark': '2620.675000', 'bid': '2615.250000', 'ask': '2626.100000'}
01/26/2022 09:32:20 AM : {'date': '01/26/2022', 'time': '09:32:20', 'ticker': 'ETH', 'mark': '2619.115000', 'bid': '2613.430000', 'ask': '2624.800000'}
01/26/2022 09:32:25 AM : {'date': '01/26/2022', 'time': '09:32:25', 'ticker': 'ETH', 'mark': '2617.415000', 'bid': '2611.730000', 'ask': '2623.100000'}
01/26/2022 09:32:28 AM : ATL,2604.685,ATH,2660.315,Current Price ,2618.475,Current Delta ,-4.579999999999927,RSI(20) ,49.33660245354866,MACD15s(12,26,9),2.0812660788252897,
01/26/2022 09:32:30 AM : {'date': '01/26/2022', 'time': '09:32:30', 'ticker': 'ETH', 'mark': '2618.012536', 'bid': '2612.425072', 'ask': '2623.600000'}
01/26/2022 09:32:35 AM : {'date': '01/26/2022', 'time': '09:32:35', 'ticker': 'ETH', 'mark': '2617.520000', 'bid': '2612.240000', 'ask': '2622.800000'}
01/26/2022 09:32:40 AM : {'date': '01/26/2022', 'time': '09:32:40', 'ticker': 'ETH', 'mark': '2617.740000', 'bid': '2612.080000', 'ask': '2623.400000'}
01/26/2022 09:32:43 AM : ATL,2604.685,ATH,2660.315,Current Price ,2617.670686,Current Delta ,-0.8043139999999767,RSI(20) ,53.36777781340956,MACD15s(12,26,9),2.4544593883789174,RSI(14),64.91863286115101,1Min Avg,2618.6976715,1Min Delta,6.8513300000004165,RSI5m(14),0,5Min Avg,2611.9198039499997,MACD(5m,12,26,9),0,5Min Delta,-14.600235500000053,5Min Roll,2611.9198039499997,RSI5mRoll(14),19.959739647421415,macd(5mRoll,12,26,9),0,5MinRoll Delta,0.8007842999995773,
01/26/2022 09:32:43 AM : Trade Decision : False @ limit : 0
01/26/2022 09:32:45 AM : {'date': '01/26/2022', 'time': '09:32:45', 'ticker': 'ETH', 'mark': '2619.480000', 'bid': '2613.810000', 'ask': '2625.150000'}
01/26/2022 09:32:50 AM : {'date': '01/26/2022', 'time': '09:32:50', 'ticker': 'ETH', 'mark': '2620.420000', 'bid': '2614.750000', 'ask': '2626.090000'}
01/26/2022 09:32:55 AM : {'date': '01/26/2022', 'time': '09:32:55', 'ticker': 'ETH', 'mark': '2621.065330', 'bid': '2615.440660', 'ask': '2626.690000'}
01/26/2022 09:32:58 AM : ATL,2604.685,ATH,2660.315,Current Price ,2620.56,Current Delta ,2.889314000000013,RSI(20) ,51.33167482846746,MACD15s(12,26,9),2.6915284609311234,
01/26/2022 09:33:00 AM : {'date': '01/26/2022', 'time': '09:33:00', 'ticker': 'ETH', 'mark': '2620.330000', 'bid': '2614.660000', 'ask': '2626.000000'}
01/26/2022 09:33:06 AM : {'date': '01/26/2022', 'time': '09:33:05', 'ticker': 'ETH', 'mark': '2619.610000', 'bid': '2614.020000', 'ask': '2625.200000'}
01/26/2022 09:33:10 AM : {'date': '01/26/2022', 'time': '09:33:10', 'ticker': 'ETH', 'mark': '2619.170000', 'bid': '2613.740000', 'ask': '2624.600000'}
